Removed Pin From Net: NetName=nCS_0 Pin=DA6-4
Removed Pin From Net: NetName=nCS_0 Pin=DA6-8
Removed Pin From Net: NetName=nCS_1 Pin=DA9-4
Removed Pin From Net: NetName=nCS_1 Pin=DA9-8
Removed Pin From Net: NetName=nCS_2 Pin=DA12-4
Removed Pin From Net: NetName=nCS_2 Pin=DA12-8
Removed Pin From Net: NetName=nCS_3 Pin=DA13-4
Removed Pin From Net: NetName=nCS_3 Pin=DA13-8
Removed Pin From Net: NetName=SDAT Pin=R9-2
Removed Pin From Net: NetName=SDAT Pin=R10-1
Removed Pin From Net: NetName=AGND Pin=R10-2
Removed Pin From Net: NetName=SDAT Pin=R14-2
Removed Pin From Net: NetName=SDAT Pin=R15-1
Removed Pin From Net: NetName=AGND Pin=R15-2
Removed Pin From Net: NetName=SDAT Pin=R20-2
Removed Pin From Net: NetName=SDAT Pin=R21-1
Removed Pin From Net: NetName=AGND Pin=R21-2
Removed Pin From Net: NetName=SDAT Pin=R27-2
Removed Pin From Net: NetName=SDAT Pin=R28-1
Removed Pin From Net: NetName=AGND Pin=R28-2
Removed Member From Class: ClassName=U_RS_Analog Member=R9
Removed Member From Class: ClassName=U_RS_Analog Member=R10
Removed Member From Class: ClassName=U_RS_Analog Member=R14
Removed Member From Class: ClassName=U_RS_Analog Member=R15
Removed Member From Class: ClassName=U_RS_Analog Member=R20
Removed Member From Class: ClassName=U_RS_Analog Member=R21
Removed Member From Class: ClassName=U_RS_Analog Member=R27
Removed Member From Class: ClassName=U_RS_Analog Member=R28
Added Pin To Net: NetName=SDAT Pin=DA5-8
Added Pin To Net: NetName=SDAT Pin=DA8-8
Added Pin To Net: NetName=SDAT Pin=DA11-8
Added Pin To Net: NetName=SDAT Pin=DA15-8
Added Pin To Net: NetName=nRESET Pin=DD1-2
Change Net Name : Old Net Name=RS-485_A New Net Name=RS485_P
Change Net Name : Old Net Name=RS-485_B New Net Name=RS485_N
Added Pin To Net: NetName=EXT_ADC_EN Pin=DA6-4
Added Pin To Net: NetName=EXT_ADC_EN Pin=DA6-8
Added Pin To Net: NetName=EXT_ADC_EN Pin=DA9-4
Added Pin To Net: NetName=EXT_ADC_EN Pin=DA9-8
Added Pin To Net: NetName=EXT_ADC_EN Pin=DA12-4
Added Pin To Net: NetName=EXT_ADC_EN Pin=DA12-8
Added Pin To Net: NetName=EXT_ADC_EN Pin=DA13-4
Added Pin To Net: NetName=EXT_ADC_EN Pin=DA13-8
Added Pin To Net: NetName=EXT_ADC_EN Pin=DD1-13
Added Net: Name=EXT_ADC_EN
Added Differential Pair: Name=RS485
